Exporter version: 2.93.5, Blender version: 2.93.3
========= Conversion from Blender to Babylon.js =========
	Scene settings used :
		Inline textures     :  false
		Material Type       :  PBR
		Positions Precision :  4
		Normals Precision   :  3
		UVs Precision       :  3
		Vert Color Precision:  3
		Mat Weight Precision:  2
		Keep Z-up r-handed  :  no
		Texture directory   :  C:\Users\Matth\Documents\GitHub\BattlePoc\3dmodule\Epona\
	Python World class constructor completed
	WARNING: No active camera has been assigned, or is not in a currently enabled collection
	processing begun of skeleton:  Armature, id:  0
		processing begun of bone:  Bone, index:  0
		processing begun of bone:  Bone.001, index:  1
		processing begun of bone:  Bone.002, index:  2
		processing begun of bone:  Bone.003, index:  3
		processing begun of bone:  Bone.004, index:  4
		processing begun of bone:  Bone.006, index:  5
		processing begun of bone:  Bone.007, index:  6
		processing begun of bone:  Bone.008, index:  7
		processing action 0stand:  in[1 - 32], out[0 - 32]
		processing action 1walk:  in[1 - 32], out[40 - 72]
		processing action 2run:  in[1 - 32], out[80 - 112]
		processing action 3end:  in[1 - 32], out[120 - 152]
	processing begun of mesh:  cuerpo
		processing begun of material:  Body
		processing begun of material:  Hair
			processing texture Body_Texture
				texture type:  diffuseTexture, mapped using: "UVMap"
			processing texture FireHair_Texture
				texture type:  diffuseTexture, mapped using: "UVMap"
		processing begun of multimaterial:  epona.Multimaterial#0
		Custom split normals with tangents being used
		num positions      :  11669
		num normals        :  11669
		num tangents       :  46676
		num uvs            :  23338
		num uvs2           :  0
		num colors         :  0
		num triangles      :  17294
		Skeleton stats:  
			Total Influencers:  17672
			Avg # of influencers per vertex:  1.5144
			Highest # of influencers observed:  5, num vertices with this:  21
			exported as 5 influencers
			num skeletonWeights and skeletonIndices:  93352
========= Writing of JSON file started =========
	writing mesh:  cuerpo
========= Writing of JSON file completed =========
========= end of processing =========
elapsed time:  0 min, 9.7865 secs
