Exporter version: 2.93.5, Blender version: 2.93.3
========= Conversion from Blender to Babylon.js =========
	Scene settings used :
		Inline textures     :  false
		Material Type       :  PBR
		Positions Precision :  4
		Normals Precision   :  3
		UVs Precision       :  3
		Vert Color Precision:  3
		Mat Weight Precision:  2
		Keep Z-up r-handed  :  no
		Texture directory   :  C:\Users\Matth\Documents\GitHub\BattlePoc\3dmodule\light\
	Python World class constructor completed
	WARNING: No active camera has been assigned, or is not in a currently enabled collection
	processing begun of skeleton:  Armature, id:  0
		processing begun of bone:  Bone, index:  0
		processing action action:  in[2 - 16], out[0 - 16]
		processing action light:  in[2 - 16], out[30 - 46]
	processing begun of mesh:  Plane
		processing begun of material:  mlight
		num positions      :  12089
		num normals        :  12089
		num tangents       :  0
		num uvs            :  24178
		num uvs2           :  0
		num colors         :  0
		num triangles      :  4032
		Skeleton stats:  
			Total Influencers:  12089
			Avg # of influencers per vertex:  1
			Highest # of influencers observed:  1, num vertices with this:  12089
			exported as 1 influencers
			num skeletonWeights and skeletonIndices:  48356
========= Writing of JSON file started =========
	writing mesh:  Plane
========= Writing of JSON file completed =========
========= end of processing =========
elapsed time:  0 min, 1.3342 secs
