Exporter version: 2.93.5, Blender version: 2.93.3
========= Conversion from Blender to Babylon.js =========
	Scene settings used :
		Inline textures     :  false
		Material Type       :  PBR
		Positions Precision :  4
		Normals Precision   :  3
		UVs Precision       :  3
		Vert Color Precision:  3
		Mat Weight Precision:  2
		Keep Z-up r-handed  :  no
		Texture directory   :  C:\Users\Matth\Documents\GitHub\BattlePoc\3dmodule\Labras\
	Python World class constructor completed
	processing begun of skeleton:  Armature, id:  0
		processing begun of bone:  Bone, index:  0
		processing begun of bone:  Bone.001, index:  1
		processing begun of bone:  Bone.002, index:  2
		processing begun of bone:  Bone.003, index:  3
		processing begun of bone:  Bone.004, index:  4
		processing begun of bone:  Bone.006, index:  5
		processing begun of bone:  Bone.005, index:  6
		processing begun of bone:  Bone.008, index:  7
		processing begun of bone:  Bone.007, index:  8
	processing begun of mesh:  Lapras
		processing begun of material:  Body
			processing texture lapras_texture
				texture type:  diffuseTexture, mapped using: "UVMap"
		num positions      :  47217
		num normals        :  47217
		num tangents       :  0
		num uvs            :  94434
		num uvs2           :  0
		num colors         :  188868
		num triangles      :  80640
		Skeleton stats:  
			Total Influencers:  124998
			Avg # of influencers per vertex:  2.6473
			Highest # of influencers observed:  6, num vertices with this:  488
			exported as 6 influencers
			num skeletonWeights and skeletonIndices:  377736
	processing begun of camera (UniversalCamera):  Camera
	processing begun of light (DIRECTIONAL):  Sun
========= Writing of JSON file started =========
	writing mesh:  Lapras
========= Writing of JSON file completed =========
========= end of processing =========
elapsed time:  0 min, 24.7175 secs
