Exporter version: 2.93.5, Blender version: 2.93.3
========= Conversion from Blender to Babylon.js =========
	Scene settings used :
		Inline textures     :  false
		Material Type       :  PBR
		Positions Precision :  4
		Normals Precision   :  3
		UVs Precision       :  3
		Vert Color Precision:  3
		Mat Weight Precision:  2
		Keep Z-up r-handed  :  no
		Texture directory   :  C:\Users\Matth\Documents\GitHub\BattlePoc\3dmodule\plosif\
	Python World class constructor completed
	WARNING: No active camera has been assigned, or is not in a currently enabled collection
	processing begun of skeleton:  Armature, id:  0
		processing begun of bone:  Bone, index:  0
	processing begun of mesh:  explosif
		processing begun of material:  Default OBJ
			processing texture DefaultMaterial_Diffuse_1
				texture type:  diffuseTexture, mapped using: "UVMap"
		Custom split normals with tangents being used
		num positions      :  562
		num normals        :  562
		num tangents       :  2248
		num uvs            :  1124
		num uvs2           :  0
		num colors         :  0
		num triangles      :  768
		Skeleton stats:  
			Total Influencers:  562
			Avg # of influencers per vertex:  1
			Highest # of influencers observed:  1, num vertices with this:  562
			exported as 1 influencers
			num skeletonWeights and skeletonIndices:  2248
	processing begun of light (DIRECTIONAL):  Sun
========= Writing of JSON file started =========
	writing mesh:  explosif
========= Writing of JSON file completed =========
========= end of processing =========
elapsed time:  0 min, 0.3113 secs
